<?xml version="1.0" encoding="UTF-8"?>
<!-- Generated by org.testng.reporters.JUnitReportReporter -->
<testsuite hostname="LIN-5CG3350NMY" failures="0" tests="2" name="testcases.End_To_End" time="35.397" errors="0" timestamp="2024-04-20T11:53:18 IST" skipped="0">
  <testcase classname="testcases.End_To_End" name="end_To_End" time="19.287"/>
  <system-out/>
  <testcase classname="testcases.End_To_End" name="end_To_End" time="16.110"/>
  <system-out/>
</testsuite> <!-- testcases.End_To_End -->
